<?xml version="1.0" encoding="UTF-8"?>
<testsuite name="Cucumber" time="0.186" tests="1" skipped="0" failures="0" errors="0">
<testcase classname="feature to test login functionality" name="Check successful login with valid credentials" time="0.049">
<system-out><![CDATA[
Given user is on login page.................................................passed
When user enters username and password......................................passed
And user clicks on login button.............................................passed
Then user is logged in successfully.........................................passed
]]></system-out>
</testcase>
</testsuite>
